app/build/intermediates/manifest_merge_blame_file/debug/processDebugMainManifest/manifest-merger-blame-debug-report.txt
1<?xml version="1.0" encoding="utf-8"?>
2<manifest xmlns:android="http://schemas.android.com/apk/res/android"
3    package="com.wildtrail.app"
4    android:versionCode="1"
5    android:versionName="1.0" >
6
7    <uses-sdk
8        android:minSdkVersion="26"
9        android:targetSdkVersion="35" />
10
11    <!-- Network: required for Firebase Auth/Firestore + Maps tiles -->
12    <uses-permission android:name="android.permission.INTERNET" />
12-->src\main\AndroidManifest.xml:6:5-67
12-->src\main\AndroidManifest.xml:6:22-64
13    <uses-permission android:name="android.permission.ACCESS_NETWORK_STATE" />
13-->src\main\AndroidManifest.xml:7:5-79
13-->src\main\AndroidManifest.xml:7:22-76
14
15    <!-- GPS: required for hike tracking -->
16    <uses-permission android:name="android.permission.ACCESS_FINE_LOCATION" />
16-->src\main\AndroidManifest.xml:10:5-79
16-->src\main\AndroidManifest.xml:10:22-76
17    <uses-permission android:name="android.permission.ACCESS_COARSE_LOCATION" />
17-->src\main\AndroidManifest.xml:11:5-81
17-->src\main\AndroidManifest.xml:11:22-78
18    <!-- Foreground service location, so tracking continues with screen off -->
19    <uses-permission android:name="android.permission.FOREGROUND_SERVICE" />
19-->src\main\AndroidManifest.xml:13:5-77
19-->src\main\AndroidManifest.xml:13:22-74
20    <uses-permission android:name="android.permission.FOREGROUND_SERVICE_LOCATION" />
20-->src\main\AndroidManifest.xml:14:5-86
20-->src\main\AndroidManifest.xml:14:22-83
21    <uses-permission android:name="android.permission.POST_NOTIFICATIONS" />
21-->src\main\AndroidManifest.xml:15:5-77
21-->src\main\AndroidManifest.xml:15:22-74
22
23    <!-- Camera + photo selector for cover photos / nature discovery -->
24    <uses-permission android:name="android.permission.CAMERA" />
24-->src\main\AndroidManifest.xml:18:5-65
24-->src\main\AndroidManifest.xml:18:22-62
25
26    <uses-feature
26-->src\main\AndroidManifest.xml:19:5-85
27        android:name="android.hardware.camera"
27-->src\main\AndroidManifest.xml:19:19-57
28        android:required="false" />
28-->src\main\AndroidManifest.xml:19:58-82
29    <uses-feature
29-->src\main\AndroidManifest.xml:20:5-90
30        android:name="android.hardware.location.gps"
30-->src\main\AndroidManifest.xml:20:19-63
31        android:required="true" />
31-->src\main\AndroidManifest.xml:20:64-87
32
33    <!-- Vibration for haptic feedback (e.g. fall detection / achievement unlock) -->
34    <uses-permission android:name="android.permission.VIBRATE" />
34-->src\main\AndroidManifest.xml:23:5-66
34-->src\main\AndroidManifest.xml:23:22-63
35
36    <!-- Sensors (orientation -> AR navigation, accelerometer -> fall detection) -->
37    <uses-feature
37-->src\main\AndroidManifest.xml:26:5-99
38        android:name="android.hardware.sensor.accelerometer"
38-->src\main\AndroidManifest.xml:26:19-71
39        android:required="false" />
39-->src\main\AndroidManifest.xml:26:72-96
40    <uses-feature
40-->[com.google.android.gms:play-services-maps:19.0.0] AndroidManifest.xml:26:5-28:35
41        android:glEsVersion="0x00020000"
41-->[com.google.android.gms:play-services-maps:19.0.0] AndroidManifest.xml:27:9-41
42        android:required="true" />
42-->[com.google.android.gms:play-services-maps:19.0.0] AndroidManifest.xml:28:9-32
43
44    <queries>
44-->[com.google.android.gms:play-services-maps:19.0.0] AndroidManifest.xml:30:5-34:15
45
46        <!-- Needs to be explicitly declared on Android R+ -->
47        <package android:name="com.google.android.apps.maps" />
47-->[com.google.android.gms:play-services-maps:19.0.0] AndroidManifest.xml:33:9-64
47-->[com.google.android.gms:play-services-maps:19.0.0] AndroidManifest.xml:33:18-61
48    </queries>
49
50    <uses-permission android:name="android.permission.WAKE_LOCK" />
50-->[com.google.android.gms:play-services-measurement:22.1.2] AndroidManifest.xml:25:5-68
50-->[com.google.android.gms:play-services-measurement:22.1.2] AndroidManifest.xml:25:22-65
51    <uses-permission android:name="com.google.android.finsky.permission.BIND_GET_INSTALL_REFERRER_SERVICE" />
51-->[com.google.android.gms:play-services-measurement:22.1.2] AndroidManifest.xml:26:5-110
51-->[com.google.android.gms:play-services-measurement:22.1.2] AndroidManifest.xml:26:22-107
52    <uses-permission android:name="com.google.android.gms.permission.AD_ID" />
52-->[com.google.android.gms:play-services-measurement-impl:22.1.2] AndroidManifest.xml:27:5-79
52-->[com.google.android.gms:play-services-measurement-impl:22.1.2] AndroidManifest.xml:27:22-76
53    <uses-permission android:name="com.google.android.providers.gsf.permission.READ_GSERVICES" />
53-->[com.google.android.recaptcha:recaptcha:18.5.1] AndroidManifest.xml:9:5-98
53-->[com.google.android.recaptcha:recaptcha:18.5.1] AndroidManifest.xml:9:22-95
54    <uses-permission android:name="android.permission.ACCESS_ADSERVICES_ATTRIBUTION" />
54-->[com.google.android.gms:play-services-measurement-api:22.1.2] AndroidManifest.xml:26:5-88
54-->[com.google.android.gms:play-services-measurement-api:22.1.2] AndroidManifest.xml:26:22-85
55    <uses-permission android:name="android.permission.ACCESS_ADSERVICES_AD_ID" />
55-->[com.google.android.gms:play-services-measurement-api:22.1.2] AndroidManifest.xml:27:5-82
55-->[com.google.android.gms:play-services-measurement-api:22.1.2] AndroidManifest.xml:27:22-79
56
57    <permission
57-->[androidx.core:core:1.15.0] AndroidManifest.xml:22:5-24:47
58        android:name="com.wildtrail.app.DYNAMIC_RECEIVER_NOT_EXPORTED_PERMISSION"
58-->[androidx.core:core:1.15.0] AndroidManifest.xml:23:9-81
59        android:protectionLevel="signature" />
59-->[androidx.core:core:1.15.0] AndroidManifest.xml:24:9-44
60
61    <uses-permission android:name="com.wildtrail.app.DYNAMIC_RECEIVER_NOT_EXPORTED_PERMISSION" /> <!-- Phone call for emergency contacts (we use ACTION_DIAL, no permission strictly needed) -->
61-->[androidx.core:core:1.15.0] AndroidManifest.xml:26:5-97
61-->[androidx.core:core:1.15.0] AndroidManifest.xml:26:22-94
62    <application
62-->src\main\AndroidManifest.xml:30:5-59:19
63        android:name="com.wildtrail.app.WildTrailApp"
63-->src\main\AndroidManifest.xml:31:9-37
64        android:allowBackup="true"
64-->src\main\AndroidManifest.xml:32:9-35
65        android:appComponentFactory="androidx.core.app.CoreComponentFactory"
65-->[androidx.core:core:1.15.0] AndroidManifest.xml:28:18-86
66        android:dataExtractionRules="@xml/data_extraction_rules"
66-->src\main\AndroidManifest.xml:33:9-65
67        android:debuggable="true"
68        android:extractNativeLibs="false"
69        android:fullBackupContent="@xml/backup_rules"
69-->src\main\AndroidManifest.xml:34:9-54
70        android:icon="@mipmap/ic_launcher"
70-->src\main\AndroidManifest.xml:35:9-43
71        android:label="@string/app_name"
71-->src\main\AndroidManifest.xml:37:9-41
72        android:roundIcon="@mipmap/ic_launcher_round"
72-->src\main\AndroidManifest.xml:36:9-54
73        android:supportsRtl="true"
73-->src\main\AndroidManifest.xml:38:9-35
74        android:testOnly="true"
75        android:theme="@style/Theme.WildTrail"
75-->src\main\AndroidManifest.xml:39:9-47
76        android:usesCleartextTraffic="false" >
76-->src\main\AndroidManifest.xml:40:9-45
77
78        <!-- Google Maps API key. Replace MAPS_API_KEY in local.properties (see README) -->
79        <meta-data
80            android:name="com.google.android.geo.API_KEY"
80-->src\main\AndroidManifest.xml:45:13-58
81            android:value="" />
81-->src\main\AndroidManifest.xml:46:13-44
82
83        <activity
83-->src\main\AndroidManifest.xml:48:9-57:20
84            android:name="com.wildtrail.app.MainActivity"
84-->src\main\AndroidManifest.xml:49:13-41
85            android:exported="true"
85-->src\main\AndroidManifest.xml:50:13-36
86            android:label="@string/app_name"
86-->src\main\AndroidManifest.xml:51:13-45
87            android:theme="@style/Theme.WildTrail.Splash" >
87-->src\main\AndroidManifest.xml:52:13-58
88            <intent-filter>
88-->src\main\AndroidManifest.xml:53:13-56:29
89                <action android:name="android.intent.action.MAIN" />
89-->src\main\AndroidManifest.xml:54:17-69
89-->src\main\AndroidManifest.xml:54:25-66
90
91                <category android:name="android.intent.category.LAUNCHER" />
91-->src\main\AndroidManifest.xml:55:17-77
91-->src\main\AndroidManifest.xml:55:27-74
92            </intent-filter>
93        </activity>
94        <activity
94-->[androidx.compose.ui:ui-tooling-android:1.7.6] AndroidManifest.xml:23:9-25:39
95            android:name="androidx.compose.ui.tooling.PreviewActivity"
95-->[androidx.compose.ui:ui-tooling-android:1.7.6] AndroidManifest.xml:24:13-71
96            android:exported="true" />
96-->[androidx.compose.ui:ui-tooling-android:1.7.6] AndroidManifest.xml:25:13-36
97        <activity
97-->[androidx.compose.ui:ui-test-manifest:1.7.6] AndroidManifest.xml:23:9-25:39
98            android:name="androidx.activity.ComponentActivity"
98-->[androidx.compose.ui:ui-test-manifest:1.7.6] AndroidManifest.xml:24:13-63
99            android:exported="true" /> <!-- Needs to be explicitly declared on P+ -->
99-->[androidx.compose.ui:ui-test-manifest:1.7.6] AndroidManifest.xml:25:13-36
100        <uses-library
100-->[com.google.android.gms:play-services-maps:19.0.0] AndroidManifest.xml:39:9-41:40
101            android:name="org.apache.http.legacy"
101-->[com.google.android.gms:play-services-maps:19.0.0] AndroidManifest.xml:40:13-50
102            android:required="false" />
102-->[com.google.android.gms:play-services-maps:19.0.0] AndroidManifest.xml:41:13-37
103
104        <service
104-->[com.google.firebase:firebase-storage-ktx:21.0.1] AndroidManifest.xml:9:9-15:19
105            android:name="com.google.firebase.components.ComponentDiscoveryService"
105-->[com.google.firebase:firebase-storage-ktx:21.0.1] AndroidManifest.xml:10:13-84
106            android:directBootAware="true"
106-->[com.google.firebase:firebase-common:21.0.0] AndroidManifest.xml:32:13-43
107            android:exported="false" >
107-->[com.google.firebase:firebase-storage-ktx:21.0.1] AndroidManifest.xml:11:13-37
108            <meta-data
108-->[com.google.firebase:firebase-storage-ktx:21.0.1] AndroidManifest.xml:12:13-14:85
109                android:name="com.google.firebase.components:com.google.firebase.storage.ktx.FirebaseStorageLegacyRegistrar"
109-->[com.google.firebase:firebase-storage-ktx:21.0.1] AndroidManifest.xml:13:17-125
110                android:value="com.google.firebase.components.ComponentRegistrar" />
110-->[com.google.firebase:firebase-storage-ktx:21.0.1] AndroidManifest.xml:14:17-82
111            <meta-data
111-->[com.google.firebase:firebase-storage:21.0.1] AndroidManifest.xml:30:13-32:85
112                android:name="com.google.firebase.components:com.google.firebase.storage.FirebaseStorageKtxRegistrar"
112-->[com.google.firebase:firebase-storage:21.0.1] AndroidManifest.xml:31:17-118
113                android:value="com.google.firebase.components.ComponentRegistrar" />
113-->[com.google.firebase:firebase-storage:21.0.1] AndroidManifest.xml:32:17-82
114            <meta-data
114-->[com.google.firebase:firebase-storage:21.0.1] AndroidManifest.xml:33:13-35:85
115                android:name="com.google.firebase.components:com.google.firebase.storage.StorageRegistrar"
115-->[com.google.firebase:firebase-storage:21.0.1] AndroidManifest.xml:34:17-107
116                android:value="com.google.firebase.components.ComponentRegistrar" />
116-->[com.google.firebase:firebase-storage:21.0.1] AndroidManifest.xml:35:17-82
117            <meta-data
117-->[com.google.firebase:firebase-firestore-ktx:25.1.1] AndroidManifest.xml:12:13-14:85
118                android:name="com.google.firebase.components:com.google.firebase.firestore.ktx.FirebaseFirestoreLegacyRegistrar"
118-->[com.google.firebase:firebase-firestore-ktx:25.1.1] AndroidManifest.xml:13:17-129
119                android:value="com.google.firebase.components.ComponentRegistrar" />
119-->[com.google.firebase:firebase-firestore-ktx:25.1.1] AndroidManifest.xml:14:17-82
120            <meta-data
120-->[com.google.firebase:firebase-firestore:25.1.1] AndroidManifest.xml:17:13-19:85
121                android:name="com.google.firebase.components:com.google.firebase.firestore.FirebaseFirestoreKtxRegistrar"
121-->[com.google.firebase:firebase-firestore:25.1.1] AndroidManifest.xml:18:17-122
122                android:value="com.google.firebase.components.ComponentRegistrar" />
122-->[com.google.firebase:firebase-firestore:25.1.1] AndroidManifest.xml:19:17-82
123            <meta-data
123-->[com.google.firebase:firebase-firestore:25.1.1] AndroidManifest.xml:20:13-22:85
124                android:name="com.google.firebase.components:com.google.firebase.firestore.FirestoreRegistrar"
124-->[com.google.firebase:firebase-firestore:25.1.1] AndroidManifest.xml:21:17-111
125                android:value="com.google.firebase.components.ComponentRegistrar" />
125-->[com.google.firebase:firebase-firestore:25.1.1] AndroidManifest.xml:22:17-82
126            <meta-data
126-->[com.google.firebase:firebase-auth-ktx:23.1.0] AndroidManifest.xml:11:13-13:85
127                android:name="com.google.firebase.components:com.google.firebase.auth.ktx.FirebaseAuthLegacyRegistrar"
127-->[com.google.firebase:firebase-auth-ktx:23.1.0] AndroidManifest.xml:12:17-119
128                android:value="com.google.firebase.components.ComponentRegistrar" />
128-->[com.google.firebase:firebase-auth-ktx:23.1.0] AndroidManifest.xml:13:17-82
129            <meta-data
129-->[com.google.firebase:firebase-auth:23.1.0] AndroidManifest.xml:69:13-71:85
130                android:name="com.google.firebase.components:com.google.firebase.auth.FirebaseAuthRegistrar"
130-->[com.google.firebase:firebase-auth:23.1.0] AndroidManifest.xml:70:17-109
131                android:value="com.google.firebase.components.ComponentRegistrar" />
131-->[com.google.firebase:firebase-auth:23.1.0] AndroidManifest.xml:71:17-82
132            <meta-data
132-->[com.google.firebase:firebase-appcheck:18.0.0] AndroidManifest.xml:25:13-27:85
133                android:name="com.google.firebase.components:com.google.firebase.appcheck.FirebaseAppCheckKtxRegistrar"
133-->[com.google.firebase:firebase-appcheck:18.0.0] AndroidManifest.xml:26:17-120
134                android:value="com.google.firebase.components.ComponentRegistrar" />
134-->[com.google.firebase:firebase-appcheck:18.0.0] AndroidManifest.xml:27:17-82
135            <meta-data
135-->[com.google.firebase:firebase-appcheck:18.0.0] AndroidManifest.xml:28:13-30:85
136                android:name="com.google.firebase.components:com.google.firebase.appcheck.FirebaseAppCheckRegistrar"
136-->[com.google.firebase:firebase-appcheck:18.0.0] AndroidManifest.xml:29:17-117
137                android:value="com.google.firebase.components.ComponentRegistrar" />
137-->[com.google.firebase:firebase-appcheck:18.0.0] AndroidManifest.xml:30:17-82
138            <meta-data
138-->[com.google.firebase:firebase-analytics-ktx:22.1.2] AndroidManifest.xml:11:13-13:85
139                android:name="com.google.firebase.components:com.google.firebase.analytics.ktx.FirebaseAnalyticsLegacyRegistrar"
139-->[com.google.firebase:firebase-analytics-ktx:22.1.2] AndroidManifest.xml:12:17-129
140                android:value="com.google.firebase.components.ComponentRegistrar" />
140-->[com.google.firebase:firebase-analytics-ktx:22.1.2] AndroidManifest.xml:13:17-82
141            <meta-data
141-->[com.google.android.gms:play-services-measurement-api:22.1.2] AndroidManifest.xml:37:13-39:85
142                android:name="com.google.firebase.components:com.google.firebase.analytics.connector.internal.AnalyticsConnectorRegistrar"
142-->[com.google.android.gms:play-services-measurement-api:22.1.2] AndroidManifest.xml:38:17-139
143                android:value="com.google.firebase.components.ComponentRegistrar" />
143-->[com.google.android.gms:play-services-measurement-api:22.1.2] AndroidManifest.xml:39:17-82
144            <meta-data
144-->[com.google.firebase:firebase-installations:18.0.0] AndroidManifest.xml:15:13-17:85
145                android:name="com.google.firebase.components:com.google.firebase.installations.FirebaseInstallationsKtxRegistrar"
145-->[com.google.firebase:firebase-installations:18.0.0] AndroidManifest.xml:16:17-130
146                android:value="com.google.firebase.components.ComponentRegistrar" />
146-->[com.google.firebase:firebase-installations:18.0.0] AndroidManifest.xml:17:17-82
147            <meta-data
147-->[com.google.firebase:firebase-installations:18.0.0] AndroidManifest.xml:18:13-20:85
148                android:name="com.google.firebase.components:com.google.firebase.installations.FirebaseInstallationsRegistrar"
148-->[com.google.firebase:firebase-installations:18.0.0] AndroidManifest.xml:19:17-127
149                android:value="com.google.firebase.components.ComponentRegistrar" />
149-->[com.google.firebase:firebase-installations:18.0.0] AndroidManifest.xml:20:17-82
150            <meta-data
150-->[com.google.firebase:firebase-common-ktx:21.0.0] AndroidManifest.xml:12:13-14:85
151                android:name="com.google.firebase.components:com.google.firebase.ktx.FirebaseCommonLegacyRegistrar"
151-->[com.google.firebase:firebase-common-ktx:21.0.0] AndroidManifest.xml:13:17-116
152                android:value="com.google.firebase.components.ComponentRegistrar" />
152-->[com.google.firebase:firebase-common-ktx:21.0.0] AndroidManifest.xml:14:17-82
153            <meta-data
153-->[com.google.firebase:firebase-common:21.0.0] AndroidManifest.xml:35:13-37:85
154                android:name="com.google.firebase.components:com.google.firebase.FirebaseCommonKtxRegistrar"
154-->[com.google.firebase:firebase-common:21.0.0] AndroidManifest.xml:36:17-109
155                android:value="com.google.firebase.components.ComponentRegistrar" />
155-->[com.google.firebase:firebase-common:21.0.0] AndroidManifest.xml:37:17-82
156        </service>
157
158        <activity
158-->[com.google.firebase:firebase-auth:23.1.0] AndroidManifest.xml:29:9-46:20
159            android:name="com.google.firebase.auth.internal.GenericIdpActivity"
159-->[com.google.firebase:firebase-auth:23.1.0] AndroidManifest.xml:30:13-80
160            android:excludeFromRecents="true"
160-->[com.google.firebase:firebase-auth:23.1.0] AndroidManifest.xml:31:13-46
161            android:exported="true"
161-->[com.google.firebase:firebase-auth:23.1.0] AndroidManifest.xml:32:13-36
162            android:launchMode="singleTask"
162-->[com.google.firebase:firebase-auth:23.1.0] AndroidManifest.xml:33:13-44
163            android:theme="@android:style/Theme.Translucent.NoTitleBar" >
163-->[com.google.firebase:firebase-auth:23.1.0] AndroidManifest.xml:34:13-72
164            <intent-filter>
164-->[com.google.firebase:firebase-auth:23.1.0] AndroidManifest.xml:35:13-45:29
165                <action android:name="android.intent.action.VIEW" />
165-->[com.google.firebase:firebase-auth:23.1.0] AndroidManifest.xml:36:17-69
165-->[com.google.firebase:firebase-auth:23.1.0] AndroidManifest.xml:36:25-66
166
167                <category android:name="android.intent.category.DEFAULT" />
167-->[com.google.firebase:firebase-auth:23.1.0] AndroidManifest.xml:38:17-76
167-->[com.google.firebase:firebase-auth:23.1.0] AndroidManifest.xml:38:27-73
168                <category android:name="android.intent.category.BROWSABLE" />
168-->[com.google.firebase:firebase-auth:23.1.0] AndroidManifest.xml:39:17-78
168-->[com.google.firebase:firebase-auth:23.1.0] AndroidManifest.xml:39:27-75
169
170                <data
170-->[com.google.firebase:firebase-auth:23.1.0] AndroidManifest.xml:41:17-44:51
171                    android:host="firebase.auth"
171-->[com.google.firebase:firebase-auth:23.1.0] AndroidManifest.xml:42:21-49
172                    android:path="/"
172-->[com.google.firebase:firebase-auth:23.1.0] AndroidManifest.xml:43:21-37
173                    android:scheme="genericidp" />
173-->[com.google.firebase:firebase-auth:23.1.0] AndroidManifest.xml:44:21-48
174            </intent-filter>
175        </activity>
176        <activity
176-->[com.google.firebase:firebase-auth:23.1.0] AndroidManifest.xml:47:9-64:20
177            android:name="com.google.firebase.auth.internal.RecaptchaActivity"
177-->[com.google.firebase:firebase-auth:23.1.0] AndroidManifest.xml:48:13-79
178            android:excludeFromRecents="true"
178-->[com.google.firebase:firebase-auth:23.1.0] AndroidManifest.xml:49:13-46
179            android:exported="true"
179-->[com.google.firebase:firebase-auth:23.1.0] AndroidManifest.xml:50:13-36
180            android:launchMode="singleTask"
180-->[com.google.firebase:firebase-auth:23.1.0] AndroidManifest.xml:51:13-44
181            android:theme="@android:style/Theme.Translucent.NoTitleBar" >
181-->[com.google.firebase:firebase-auth:23.1.0] AndroidManifest.xml:52:13-72
182            <intent-filter>
182-->[com.google.firebase:firebase-auth:23.1.0] AndroidManifest.xml:53:13-63:29
183                <action android:name="android.intent.action.VIEW" />
183-->[com.google.firebase:firebase-auth:23.1.0] AndroidManifest.xml:36:17-69
183-->[com.google.firebase:firebase-auth:23.1.0] AndroidManifest.xml:36:25-66
184
185                <category android:name="android.intent.category.DEFAULT" />
185-->[com.google.firebase:firebase-auth:23.1.0] AndroidManifest.xml:38:17-76
185-->[com.google.firebase:firebase-auth:23.1.0] AndroidManifest.xml:38:27-73
186                <category android:name="android.intent.category.BROWSABLE" />
186-->[com.google.firebase:firebase-auth:23.1.0] AndroidManifest.xml:39:17-78
186-->[com.google.firebase:firebase-auth:23.1.0] AndroidManifest.xml:39:27-75
187
188                <data
188-->[com.google.firebase:firebase-auth:23.1.0] AndroidManifest.xml:41:17-44:51
189                    android:host="firebase.auth"
189-->[com.google.firebase:firebase-auth:23.1.0] AndroidManifest.xml:42:21-49
190                    android:path="/"
190-->[com.google.firebase:firebase-auth:23.1.0] AndroidManifest.xml:43:21-37
191                    android:scheme="recaptcha" />
191-->[com.google.firebase:firebase-auth:23.1.0] AndroidManifest.xml:44:21-48
192            </intent-filter>
193        </activity>
194
195        <service
195-->[androidx.credentials:credentials-play-services-auth:1.2.0-rc01] AndroidManifest.xml:24:9-32:19
196            android:name="androidx.credentials.playservices.CredentialProviderMetadataHolder"
196-->[androidx.credentials:credentials-play-services-auth:1.2.0-rc01] AndroidManifest.xml:25:13-94
197            android:enabled="true"
197-->[androidx.credentials:credentials-play-services-auth:1.2.0-rc01] AndroidManifest.xml:26:13-35
198            android:exported="false" >
198-->[androidx.credentials:credentials-play-services-auth:1.2.0-rc01] AndroidManifest.xml:27:13-37
199            <meta-data
199-->[androidx.credentials:credentials-play-services-auth:1.2.0-rc01] AndroidManifest.xml:29:13-31:104
200                android:name="androidx.credentials.CREDENTIAL_PROVIDER_KEY"
200-->[androidx.credentials:credentials-play-services-auth:1.2.0-rc01] AndroidManifest.xml:30:17-76
201                android:value="androidx.credentials.playservices.CredentialProviderPlayServicesImpl" />
201-->[androidx.credentials:credentials-play-services-auth:1.2.0-rc01] AndroidManifest.xml:31:17-101
202        </service>
203
204        <activity
204-->[androidx.credentials:credentials-play-services-auth:1.2.0-rc01] AndroidManifest.xml:34:9-41:20
205            android:name="androidx.credentials.playservices.HiddenActivity"
205-->[androidx.credentials:credentials-play-services-auth:1.2.0-rc01] AndroidManifest.xml:35:13-76
206            android:configChanges="orientation|screenSize|screenLayout|keyboardHidden"
206-->[androidx.credentials:credentials-play-services-auth:1.2.0-rc01] AndroidManifest.xml:36:13-87
207            android:enabled="true"
207-->[androidx.credentials:credentials-play-services-auth:1.2.0-rc01] AndroidManifest.xml:37:13-35
208            android:exported="false"
208-->[androidx.credentials:credentials-play-services-auth:1.2.0-rc01] AndroidManifest.xml:38:13-37
209            android:fitsSystemWindows="true"
209-->[androidx.credentials:credentials-play-services-auth:1.2.0-rc01] AndroidManifest.xml:39:13-45
210            android:theme="@style/Theme.Hidden" >
210-->[androidx.credentials:credentials-play-services-auth:1.2.0-rc01] AndroidManifest.xml:40:13-48
211        </activity>
212        <activity
212-->[com.google.android.gms:play-services-auth:20.7.0] AndroidManifest.xml:23:9-27:75
213            android:name="com.google.android.gms.auth.api.signin.internal.SignInHubActivity"
213-->[com.google.android.gms:play-services-auth:20.7.0] AndroidManifest.xml:24:13-93
214            android:excludeFromRecents="true"
214-->[com.google.android.gms:play-services-auth:20.7.0] AndroidManifest.xml:25:13-46
215            android:exported="false"
215-->[com.google.android.gms:play-services-auth:20.7.0] AndroidManifest.xml:26:13-37
216            android:theme="@android:style/Theme.Translucent.NoTitleBar" />
216-->[com.google.android.gms:play-services-auth:20.7.0] AndroidManifest.xml:27:13-72
217        <!--
218            Service handling Google Sign-In user revocation. For apps that do not integrate with
219            Google Sign-In, this service will never be started.
220        -->
221        <service
221-->[com.google.android.gms:play-services-auth:20.7.0] AndroidManifest.xml:33:9-37:51
222            android:name="com.google.android.gms.auth.api.signin.RevocationBoundService"
222-->[com.google.android.gms:play-services-auth:20.7.0] AndroidManifest.xml:34:13-89
223            android:exported="true"
223-->[com.google.android.gms:play-services-auth:20.7.0] AndroidManifest.xml:35:13-36
224            android:permission="com.google.android.gms.auth.api.signin.permission.REVOCATION_NOTIFICATION"
224-->[com.google.android.gms:play-services-auth:20.7.0] AndroidManifest.xml:36:13-107
225            android:visibleToInstantApps="true" />
225-->[com.google.android.gms:play-services-auth:20.7.0] AndroidManifest.xml:37:13-48
226
227        <receiver
227-->[com.google.android.gms:play-services-measurement:22.1.2] AndroidManifest.xml:29:9-33:20
228            android:name="com.google.android.gms.measurement.AppMeasurementReceiver"
228-->[com.google.android.gms:play-services-measurement:22.1.2] AndroidManifest.xml:30:13-85
229            android:enabled="true"
229-->[com.google.android.gms:play-services-measurement:22.1.2] AndroidManifest.xml:31:13-35
230            android:exported="false" >
230-->[com.google.android.gms:play-services-measurement:22.1.2] AndroidManifest.xml:32:13-37
231        </receiver>
232
233        <service
233-->[com.google.android.gms:play-services-measurement:22.1.2] AndroidManifest.xml:35:9-38:40
234            android:name="com.google.android.gms.measurement.AppMeasurementService"
234-->[com.google.android.gms:play-services-measurement:22.1.2] AndroidManifest.xml:36:13-84
235            android:enabled="true"
235-->[com.google.android.gms:play-services-measurement:22.1.2] AndroidManifest.xml:37:13-35
236            android:exported="false" />
236-->[com.google.android.gms:play-services-measurement:22.1.2] AndroidManifest.xml:38:13-37
237        <service
237-->[com.google.android.gms:play-services-measurement:22.1.2] AndroidManifest.xml:39:9-43:72
238            android:name="com.google.android.gms.measurement.AppMeasurementJobService"
238-->[com.google.android.gms:play-services-measurement:22.1.2] AndroidManifest.xml:40:13-87
239            android:enabled="true"
239-->[com.google.android.gms:play-services-measurement:22.1.2] AndroidManifest.xml:41:13-35
240            android:exported="false"
240-->[com.google.android.gms:play-services-measurement:22.1.2] AndroidManifest.xml:42:13-37
241            android:permission="android.permission.BIND_JOB_SERVICE" />
241-->[com.google.android.gms:play-services-measurement:22.1.2] AndroidManifest.xml:43:13-69
242
243        <activity
243-->[com.google.android.gms:play-services-base:18.5.0] AndroidManifest.xml:5:9-173
244            android:name="com.google.android.gms.common.api.GoogleApiActivity"
244-->[com.google.android.gms:play-services-base:18.5.0] AndroidManifest.xml:5:19-85
245            android:exported="false"
245-->[com.google.android.gms:play-services-base:18.5.0] AndroidManifest.xml:5:146-170
246            android:theme="@android:style/Theme.Translucent.NoTitleBar" />
246-->[com.google.android.gms:play-services-base:18.5.0] AndroidManifest.xml:5:86-145
247
248        <service
248-->[androidx.room:room-runtime:2.6.1] AndroidManifest.xml:24:9-28:63
249            android:name="androidx.room.MultiInstanceInvalidationService"
249-->[androidx.room:room-runtime:2.6.1] AndroidManifest.xml:25:13-74
250            android:directBootAware="true"
250-->[androidx.room:room-runtime:2.6.1] AndroidManifest.xml:26:13-43
251            android:exported="false" />
251-->[androidx.room:room-runtime:2.6.1] AndroidManifest.xml:27:13-37
252
253        <provider
253-->[androidx.emoji2:emoji2:1.3.0] AndroidManifest.xml:24:9-32:20
254            android:name="androidx.startup.InitializationProvider"
254-->[androidx.emoji2:emoji2:1.3.0] AndroidManifest.xml:25:13-67
255            android:authorities="com.wildtrail.app.androidx-startup"
255-->[androidx.emoji2:emoji2:1.3.0] AndroidManifest.xml:26:13-68
256            android:exported="false" >
256-->[androidx.emoji2:emoji2:1.3.0] AndroidManifest.xml:27:13-37
257            <meta-data
257-->[androidx.emoji2:emoji2:1.3.0] AndroidManifest.xml:29:13-31:52
258                android:name="androidx.emoji2.text.EmojiCompatInitializer"
258-->[androidx.emoji2:emoji2:1.3.0] AndroidManifest.xml:30:17-75
259                android:value="androidx.startup" />